Build started 25/04/2017 16:56:10.
     1>Project "D:\Projects\SFML Engine\NeatEngine\NeatEngine\NeatEngine.vcxproj" on node 2 (Build target(s)).
     1>Link:
         C:\Program Files (x86)\Microsoft Visual Studio 12.0\VC\bin\link.exe /ERRORREPORT:PROMPT /OUT:"D:\Projects\SFML Engine\NeatEngine\Debug\NeatEngine.exe" /INCREMENTAL /NOLOGO /LIBPATH:"D:\Projects\SFML Engine\NeatEngine\NeatEngine\/SFML/lib" "sfml-window-d.lib" "sfml-graphics-d.lib" "sfml-audio-d.lib" "sfml-network-d.lib" "sfml-system-d.lib" "sfml-main-d.lib" opengl32.lib winmm.lib gdi32.lib freetype.lib jpeg.lib flac.lib vorbisenc.lib vorbisfile.lib vorbis.lib ogg.lib ws2_32.lib kernel32.lib user32.lib gdi32.lib winspool.lib comdlg32.lib advapi32.lib shell32.lib ole32.lib oleaut32.lib uuid.lib odbc32.lib odbccp32.lib /MANIFEST /MANIFESTUAC:"level='asInvoker' uiAccess='false'" /manifest:embed /DEBUG /PDB:"D:\Projects\SFML Engine\NeatEngine\Debug\NeatEngine.pdb" /SUBSYSTEM:WINDOWS /TLBID:1 /DYNAMICBASE /NXCOMPAT /IMPLIB:"D:\Projects\SFML Engine\NeatEngine\Debug\NeatEngine.lib" /MACHINE:X86 Debug\NeatEngine.res
         Debug\CMyButton.obj
         Debug\DefaultCamera.obj
         Debug\CAudio.obj
         Debug\CCamera.obj
         Debug\Component.obj
         Debug\CRectShape.obj
         Debug\CSprite.obj
         Debug\CText.obj
         Debug\GUIStyle.obj
         Debug\OutputLogSettings.obj
         Debug\ResourceLoader.obj
         Debug\SDefault.obj
         Debug\Game.obj
         Debug\GameObject.obj
         Debug\InputManager.obj
         Debug\Main.obj
         Debug\OutputLog.obj
         Debug\Scene.obj
         Debug\SceneManager.obj
         Debug\SplashScreen.obj
         Debug\SSplash.obj
         Debug\stdafx.obj
         Debug\Transform.obj
         Debug\Window.obj
     1>sfml-main-d.lib(MainWin32.cpp.obj) : warning LNK4099: PDB 'vc120.pdb' was not found with 'sfml-main-d.lib(MainWin32.cpp.obj)' or at 'D:\Projects\SFML Engine\NeatEngine\Debug\vc120.pdb'; linking object as if no debug info
         NeatEngine.vcxproj -> D:\Projects\SFML Engine\NeatEngine\Debug\NeatEngine.exe
     1>Done Building Project "D:\Projects\SFML Engine\NeatEngine\NeatEngine\NeatEngine.vcxproj" (Build target(s)).

Build succeeded.

Time Elapsed 00:00:00.47
